# JRE version: OpenJDK Runtime Environment (15.0.1+9) (build 15.0.1+9-18)
# Java VM: OpenJDK 64-Bit Server VM (15.0.1+9-18, mixed mode, sharing, tiered, compressed oops, g1 gc, bsd-amd64)
GC Precious Log:
 CPUs: 16 total, 16 available
 Memory: 16384M
 Large Page Support: Disabled
 NUMA Support: Disabled
 Compressed Oops: Enabled (Zero based)
 Heap Region Size: 2M
 Heap Min Capacity: 8M
 Heap Initial Capacity: 256M
 Heap Max Capacity: 4G
 Pre-touch: Disabled
 Parallel Workers: 13
 Concurrent Workers: 3
 Concurrent Refinement Workers: 13
 Periodic GC: Disabled
Heap:
 garbage-first heap   total 190464K, used 89725K [0x0000000700000000, 0x0000000800000000)
  region size 2048K, 14 young (28672K), 4 survivors (8192K)
 Metaspace       used 39886K, capacity 40246K, committed 40988K, reserved 1085440K
  class space    used 5198K, capacity 5333K, committed 5484K, reserved 1048576K
GC Heap History (20 events):
Event: 11.567 GC heap before
{Heap before GC invocations=22 (full 0):
 garbage-first heap   total 131072K, used 102004K [0x0000000700000000, 0x0000000800000000)
  region size 2048K, 34 young (69632K), 3 survivors (6144K)
 Metaspace       used 39161K, capacity 39576K, committed 40348K, reserved 1085440K
  class space    used 5096K, capacity 5259K, committed 5356K, reserved 1048576K
}
Event: 11.577 GC heap after
{Heap after GC invocations=23 (full 0):
 garbage-first heap   total 131072K, used 41284K [0x0000000700000000, 0x0000000800000000)
  region size 2048K, 4 young (8192K), 4 survivors (8192K)
 Metaspace       used 39161K, capacity 39576K, committed 40348K, reserved 1085440K
  class space    used 5096K, capacity 5259K, committed 5356K, reserved 1048576K
}
Event: 12.702 GC heap before
{Heap before GC invocations=23 (full 0):
 garbage-first heap   total 131072K, used 102724K [0x0000000700000000, 0x0000000800000000)
  region size 2048K, 34 young (69632K), 4 survivors (8192K)
 Metaspace       used 39161K, capacity 39576K, committed 40348K, reserved 1085440K
  class space    used 5096K, capacity 5259K, committed 5356K, reserved 1048576K
}
Event: 12.711 GC heap after
{Heap after GC invocations=24 (full 0):
 garbage-first heap   total 131072K, used 44289K [0x0000000700000000, 0x0000000800000000)
  region size 2048K, 3 young (6144K), 3 survivors (6144K)
 Metaspace       used 39161K, capacity 39576K, committed 40348K, reserved 1085440K
  class space    used 5096K, capacity 5259K, committed 5356K, reserved 1048576K
}
Event: 13.670 GC heap before
{Heap before GC invocations=24 (full 0):
 garbage-first heap   total 131072K, used 103681K [0x0000000700000000, 0x0000000800000000)
  region size 2048K, 32 young (65536K), 3 survivors (6144K)
 Metaspace       used 39161K, capacity 39576K, committed 40348K, reserved 1085440K
  class space    used 5096K, capacity 5259K, committed 5356K, reserved 1048576K
}
Event: 13.682 GC heap after
{Heap after GC invocations=25 (full 0):
 garbage-first heap   total 131072K, used 47399K [0x0000000700000000, 0x0000000800000000)
  region size 2048K, 3 young (6144K), 3 survivors (6144K)
 Metaspace       used 39161K, capacity 39576K, committed 40348K, reserved 1085440K
  class space    used 5096K, capacity 5259K, committed 5356K, reserved 1048576K
}
Event: 14.781 GC heap before
{Heap before GC invocations=25 (full 0):
 garbage-first heap   total 131072K, used 104743K [0x0000000700000000, 0x0000000800000000)
  region size 2048K, 31 young (63488K), 3 survivors (6144K)
 Metaspace       used 39161K, capacity 39576K, committed 40348K, reserved 1085440K
  class space    used 5096K, capacity 5259K, committed 5356K, reserved 1048576K
}
Event: 14.792 GC heap after
{Heap after GC invocations=26 (full 0):
 garbage-first heap   total 157696K, used 49914K [0x0000000700000000, 0x0000000800000000)
  region size 2048K, 3 young (6144K), 3 survivors (6144K)
 Metaspace       used 39161K, capacity 39576K, committed 40348K, reserved 1085440K
  class space    used 5096K, capacity 5259K, committed 5356K, reserved 1048576K
}
Event: 16.425 GC heap before
{Heap before GC invocations=26 (full 0):
 garbage-first heap   total 157696K, used 129786K [0x0000000700000000, 0x0000000800000000)
  region size 2048K, 41 young (83968K), 3 survivors (6144K)
 Metaspace       used 39161K, capacity 39576K, committed 40348K, reserved 1085440K
  class space    used 5096K, capacity 5259K, committed 5356K, reserved 1048576K
}
Event: 16.448 GC heap after
{Heap after GC invocations=27 (full 0):
 garbage-first heap   total 157696K, used 56000K [0x0000000700000000, 0x0000000800000000)
  region size 2048K, 5 young (10240K), 5 survivors (10240K)
 Metaspace       used 39161K, capacity 39576K, committed 40348K, reserved 1085440K
  class space    used 5096K, capacity 5259K, committed 5356K, reserved 1048576K
}
Event: 17.595 GC heap before
{Heap before GC invocations=27 (full 0):
 garbage-first heap   total 157696K, used 125632K [0x0000000700000000, 0x0000000800000000)
  region size 2048K, 39 young (79872K), 5 survivors (10240K)
 Metaspace       used 39161K, capacity 39576K, committed 40348K, reserved 1085440K
  class space    used 5096K, capacity 5259K, committed 5356K, reserved 1048576K
}
Event: 17.608 GC heap after
{Heap after GC invocations=28 (full 0):
 garbage-first heap   total 157696K, used 59825K [0x0000000700000000, 0x0000000800000000)
  region size 2048K, 4 young (8192K), 4 survivors (8192K)
 Metaspace       used 39161K, capacity 39576K, committed 40348K, reserved 1085440K
  class space    used 5096K, capacity 5259K, committed 5356K, reserved 1048576K
}
Event: 19.238 GC heap before
{Heap before GC invocations=28 (full 0):
 garbage-first heap   total 157696K, used 127409K [0x0000000700000000, 0x0000000800000000)
  region size 2048K, 37 young (75776K), 4 survivors (8192K)
 Metaspace       used 39161K, capacity 39576K, committed 40348K, reserved 1085440K
  class space    used 5096K, capacity 5259K, committed 5356K, reserved 1048576K
}
Event: 19.258 GC heap after
{Heap after GC invocations=29 (full 0):
 garbage-first heap   total 157696K, used 62639K [0x0000000700000000, 0x0000000800000000)
  region size 2048K, 4 young (8192K), 4 survivors (8192K)
 Metaspace       used 39161K, capacity 39576K, committed 40348K, reserved 1085440K
  class space    used 5096K, capacity 5259K, committed 5356K, reserved 1048576K
}
Event: 20.985 GC heap before
{Heap before GC invocations=29 (full 0):
 garbage-first heap   total 157696K, used 128175K [0x0000000700000000, 0x0000000800000000)
  region size 2048K, 36 young (73728K), 4 survivors (8192K)
 Metaspace       used 39827K, capacity 40243K, committed 40988K, reserved 1085440K
  class space    used 5192K, capacity 5332K, committed 5484K, reserved 1048576K
}
Event: 21.001 GC heap after
{Heap after GC invocations=30 (full 0):
 garbage-first heap   total 190464K, used 65429K [0x0000000700000000, 0x0000000800000000)
  region size 2048K, 3 young (6144K), 3 survivors (6144K)
 Metaspace       used 39827K, capacity 40243K, committed 40988K, reserved 1085440K
  class space    used 5192K, capacity 5332K, committed 5484K, reserved 1048576K
}
Event: 22.819 GC heap before
{Heap before GC invocations=30 (full 0):
 garbage-first heap   total 190464K, used 153493K [0x0000000700000000, 0x0000000800000000)
  region size 2048K, 46 young (94208K), 3 survivors (6144K)
 Metaspace       used 39827K, capacity 40243K, committed 40988K, reserved 1085440K
  class space    used 5192K, capacity 5332K, committed 5484K, reserved 1048576K
}
Event: 22.833 GC heap after
{Heap after GC invocations=31 (full 0):
 garbage-first heap   total 190464K, used 69823K [0x0000000700000000, 0x0000000800000000)
  region size 2048K, 6 young (12288K), 6 survivors (12288K)
 Metaspace       used 39827K, capacity 40243K, committed 40988K, reserved 1085440K
  class space    used 5192K, capacity 5332K, committed 5484K, reserved 1048576K
}
Event: 24.293 GC heap before
{Heap before GC invocations=31 (full 0):
 garbage-first heap   total 190464K, used 151743K [0x0000000700000000, 0x0000000800000000)
  region size 2048K, 46 young (94208K), 6 survivors (12288K)
 Metaspace       used 39827K, capacity 40243K, committed 40988K, reserved 1085440K
  class space    used 5192K, capacity 5332K, committed 5484K, reserved 1048576K
}
Event: 24.304 GC heap after
{Heap after GC invocations=32 (full 0):
 garbage-first heap   total 190464K, used 73341K [0x0000000700000000, 0x0000000800000000)
  region size 2048K, 4 young (8192K), 4 survivors (8192K)
 Metaspace       used 39827K, capacity 40243K, committed 40988K, reserved 1085440K
  class space    used 5192K, capacity 5332K, committed 5484K, reserved 1048576K
}

