# JRE version: OpenJDK Runtime Environment (15.0.1+9) (build 15.0.1+9-18)
# Java VM: OpenJDK 64-Bit Server VM (15.0.1+9-18, mixed mode, sharing, tiered, compressed oops, g1 gc, bsd-amd64)
GC Precious Log:
 CPUs: 16 total, 16 available
 Memory: 16384M
 Large Page Support: Disabled
 NUMA Support: Disabled
 Compressed Oops: Enabled (Zero based)
 Heap Region Size: 2M
 Heap Min Capacity: 8M
 Heap Initial Capacity: 256M
 Heap Max Capacity: 4G
 Pre-touch: Disabled
 Parallel Workers: 13
 Concurrent Workers: 3
 Concurrent Refinement Workers: 13
 Periodic GC: Disabled
Heap:
 garbage-first heap   total 159744K, used 123144K [0x0000000700000000, 0x0000000800000000)
  region size 2048K, 36 young (73728K), 3 survivors (6144K)
 Metaspace       used 39905K, capacity 40243K, committed 40860K, reserved 1085440K
  class space    used 5195K, capacity 5332K, committed 5356K, reserved 1048576K
GC Heap History (20 events):
Event: 9.943 GC heap before
{Heap before GC invocations=19 (full 0):
 garbage-first heap   total 92160K, used 66921K [0x0000000700000000, 0x0000000800000000)
  region size 2048K, 20 young (40960K), 2 survivors (4096K)
 Metaspace       used 39349K, capacity 39768K, committed 40604K, reserved 1085440K
  class space    used 5111K, capacity 5259K, committed 5356K, reserved 1048576K
}
Event: 9.961 GC heap after
{Heap after GC invocations=20 (full 0):
 garbage-first heap   total 110592K, used 32042K [0x0000000700000000, 0x0000000800000000)
  region size 2048K, 2 young (4096K), 2 survivors (4096K)
 Metaspace       used 39349K, capacity 39768K, committed 40604K, reserved 1085440K
  class space    used 5111K, capacity 5259K, committed 5356K, reserved 1048576K
}
Event: 11.074 GC heap before
{Heap before GC invocations=20 (full 0):
 garbage-first heap   total 110592K, used 83242K [0x0000000700000000, 0x0000000800000000)
  region size 2048K, 27 young (55296K), 2 survivors (4096K)
 Metaspace       used 39349K, capacity 39768K, committed 40604K, reserved 1085440K
  class space    used 5111K, capacity 5259K, committed 5356K, reserved 1048576K
}
Event: 11.082 GC heap after
{Heap after GC invocations=21 (full 0):
 garbage-first heap   total 110592K, used 34072K [0x0000000700000000, 0x0000000800000000)
  region size 2048K, 3 young (6144K), 3 survivors (6144K)
 Metaspace       used 39349K, capacity 39768K, committed 40604K, reserved 1085440K
  class space    used 5111K, capacity 5259K, committed 5356K, reserved 1048576K
}
Event: 11.966 GC heap before
{Heap before GC invocations=21 (full 0):
 garbage-first heap   total 110592K, used 83224K [0x0000000700000000, 0x0000000800000000)
  region size 2048K, 27 young (55296K), 3 survivors (6144K)
 Metaspace       used 39349K, capacity 39768K, committed 40604K, reserved 1085440K
  class space    used 5111K, capacity 5259K, committed 5356K, reserved 1048576K
}
Event: 11.981 GC heap after
{Heap after GC invocations=22 (full 0):
 garbage-first heap   total 110592K, used 36762K [0x0000000700000000, 0x0000000800000000)
  region size 2048K, 3 young (6144K), 3 survivors (6144K)
 Metaspace       used 39349K, capacity 39768K, committed 40604K, reserved 1085440K
  class space    used 5111K, capacity 5259K, committed 5356K, reserved 1048576K
}
Event: 12.704 GC heap before
{Heap before GC invocations=22 (full 0):
 garbage-first heap   total 110592K, used 83866K [0x0000000700000000, 0x0000000800000000)
  region size 2048K, 26 young (53248K), 3 survivors (6144K)
 Metaspace       used 39349K, capacity 39768K, committed 40604K, reserved 1085440K
  class space    used 5111K, capacity 5259K, committed 5356K, reserved 1048576K
}
Event: 12.714 GC heap after
{Heap after GC invocations=23 (full 0):
 garbage-first heap   total 110592K, used 39812K [0x0000000700000000, 0x0000000800000000)
  region size 2048K, 3 young (6144K), 3 survivors (6144K)
 Metaspace       used 39349K, capacity 39768K, committed 40604K, reserved 1085440K
  class space    used 5111K, capacity 5259K, committed 5356K, reserved 1048576K
}
Event: 13.386 GC heap before
{Heap before GC invocations=23 (full 0):
 garbage-first heap   total 110592K, used 84868K [0x0000000700000000, 0x0000000800000000)
  region size 2048K, 25 young (51200K), 3 survivors (6144K)
 Metaspace       used 39349K, capacity 39768K, committed 40604K, reserved 1085440K
  class space    used 5111K, capacity 5259K, committed 5356K, reserved 1048576K
}
Event: 13.398 GC heap after
{Heap after GC invocations=24 (full 0):
 garbage-first heap   total 110592K, used 41781K [0x0000000700000000, 0x0000000800000000)
  region size 2048K, 3 young (6144K), 3 survivors (6144K)
 Metaspace       used 39349K, capacity 39768K, committed 40604K, reserved 1085440K
  class space    used 5111K, capacity 5259K, committed 5356K, reserved 1048576K
}
Event: 14.332 GC heap before
{Heap before GC invocations=24 (full 0):
 garbage-first heap   total 110592K, used 84789K [0x0000000700000000, 0x0000000800000000)
  region size 2048K, 24 young (49152K), 3 survivors (6144K)
 Metaspace       used 39349K, capacity 39768K, committed 40604K, reserved 1085440K
  class space    used 5111K, capacity 5259K, committed 5356K, reserved 1048576K
}
Event: 14.346 GC heap after
{Heap after GC invocations=25 (full 0):
 garbage-first heap   total 133120K, used 43978K [0x0000000700000000, 0x0000000800000000)
  region size 2048K, 2 young (4096K), 2 survivors (4096K)
 Metaspace       used 39349K, capacity 39768K, committed 40604K, reserved 1085440K
  class space    used 5111K, capacity 5259K, committed 5356K, reserved 1048576K
}
Event: 15.750 GC heap before
{Heap before GC invocations=25 (full 0):
 garbage-first heap   total 133120K, used 105418K [0x0000000700000000, 0x0000000800000000)
  region size 2048K, 32 young (65536K), 2 survivors (4096K)
 Metaspace       used 39349K, capacity 39768K, committed 40604K, reserved 1085440K
  class space    used 5111K, capacity 5259K, committed 5356K, reserved 1048576K
}
Event: 15.761 GC heap after
{Heap after GC invocations=26 (full 0):
 garbage-first heap   total 133120K, used 47098K [0x0000000700000000, 0x0000000800000000)
  region size 2048K, 4 young (8192K), 4 survivors (8192K)
 Metaspace       used 39349K, capacity 39768K, committed 40604K, reserved 1085440K
  class space    used 5111K, capacity 5259K, committed 5356K, reserved 1048576K
}
Event: 16.842 GC heap before
{Heap before GC invocations=26 (full 0):
 garbage-first heap   total 133120K, used 104442K [0x0000000700000000, 0x0000000800000000)
  region size 2048K, 32 young (65536K), 4 survivors (8192K)
 Metaspace       used 39349K, capacity 39768K, committed 40604K, reserved 1085440K
  class space    used 5111K, capacity 5259K, committed 5356K, reserved 1048576K
}
Event: 16.852 GC heap after
{Heap after GC invocations=27 (full 0):
 garbage-first heap   total 133120K, used 49507K [0x0000000700000000, 0x0000000800000000)
  region size 2048K, 3 young (6144K), 3 survivors (6144K)
 Metaspace       used 39349K, capacity 39768K, committed 40604K, reserved 1085440K
  class space    used 5111K, capacity 5259K, committed 5356K, reserved 1048576K
}
Event: 17.804 GC heap before
{Heap before GC invocations=27 (full 0):
 garbage-first heap   total 133120K, used 108899K [0x0000000700000000, 0x0000000800000000)
  region size 2048K, 31 young (63488K), 3 survivors (6144K)
 Metaspace       used 39905K, capacity 40243K, committed 40860K, reserved 1085440K
  class space    used 5195K, capacity 5332K, committed 5356K, reserved 1048576K
}
Event: 17.816 GC heap after
{Heap after GC invocations=28 (full 0):
 garbage-first heap   total 133120K, used 54862K [0x0000000700000000, 0x0000000800000000)
  region size 2048K, 3 young (6144K), 3 survivors (6144K)
 Metaspace       used 39905K, capacity 40243K, committed 40860K, reserved 1085440K
  class space    used 5195K, capacity 5332K, committed 5356K, reserved 1048576K
}
Event: 18.617 GC heap before
{Heap before GC invocations=28 (full 0):
 garbage-first heap   total 133120K, used 106062K [0x0000000700000000, 0x0000000800000000)
  region size 2048K, 28 young (57344K), 3 survivors (6144K)
 Metaspace       used 39905K, capacity 40243K, committed 40860K, reserved 1085440K
  class space    used 5195K, capacity 5332K, committed 5356K, reserved 1048576K
}
Event: 18.629 GC heap after
{Heap after GC invocations=29 (full 0):
 garbage-first heap   total 159744K, used 57608K [0x0000000700000000, 0x0000000800000000)
  region size 2048K, 3 young (6144K), 3 survivors (6144K)
 Metaspace       used 39905K, capacity 40243K, committed 40860K, reserved 1085440K
  class space    used 5195K, capacity 5332K, committed 5356K, reserved 1048576K
}

